<?xml version="1.0" encoding="UTF-8"?>
<!-- Generated by org.testng.reporters.JUnitReportReporter -->
<testsuite hostname="DADA-PC" failures="0" tests="2" name="com.actitime.testscript.CustomerModule" time="31.500" errors="0" timestamp="2023-01-06T15:17:04 IST" skipped="0">
  <testcase classname="com.actitime.testscript.CustomerModule" name="testCreateCustomer" time="21.786"/>
  <system-out>
    <![CDATA[createcustomer]]>
  </system-out>
  <testcase classname="com.actitime.testscript.CustomerModule" name="testModifyCustomer" time="9.714"/>
  <system-out>
    <![CDATA[createcustomer]]>
  </system-out>
</testsuite> <!-- com.actitime.testscript.CustomerModule -->
