<?xml version="1.0" encoding="UTF-8"?>
<!-- Generated by org.testng.reporters.JUnitReportReporter -->
<testsuite hostname="DADA-PC" failures="0" tests="1" name="com.actitime.testscript.ProjectModule" time="21.641" errors="0" timestamp="2023-01-06T14:44:18 IST" skipped="0">
  <testcase classname="com.actitime.testscript.ProjectModule" name="testCreateProject" time="21.641"/>
  <system-out>
    <![CDATA[createProject]]>
  </system-out>
</testsuite> <!-- com.actitime.testscript.ProjectModule -->
